  board.cpp
  game.cpp
C:\Users\dylan\Desktop\dev\chess\chess\src\game.cpp(11,8): warning C4267: 'initializing': conversion from 'size_t' to 'int', possible loss of data
  main.cpp
  move_gen.cpp
  Generating Code...
C:\Program Files\Microsoft Visual Studio\2022\Community\VC\Tools\MSVC\14.39.33519\include\xmemory(727,82): error C2512: 'move::move': no appropriate default constructor available
  (compiling source file 'src/move_gen.cpp')
  C:\Program Files\Microsoft Visual Studio\2022\Community\VC\Tools\MSVC\14.39.33519\include\xmemory(727,82):
  while trying to match the argument list '()'
  C:\Program Files\Microsoft Visual Studio\2022\Community\VC\Tools\MSVC\14.39.33519\include\xmemory(727,82):
  the template instantiation context (the oldest one first) is
  	C:\Users\dylan\Desktop\dev\chess\chess\include\game.hpp(23,20):
  	see reference to class template instantiation 'std::vector<move,std::allocator<move>>' being compiled
  	C:\Program Files\Microsoft Visual Studio\2022\Community\VC\Tools\MSVC\14.39.33519\include\vector(616,5):
  	while compiling class template member function 'std::vector<move,std::allocator<move>>::vector(const unsigned __int64,const _Alloc &)'
          with
          [
              _Alloc=std::allocator<move>
          ]
  		C:\Users\dylan\Desktop\dev\chess\chess\src\move_gen.cpp(14,8):
  		see the first reference to 'std::vector<move,std::allocator<move>>::vector' in 'move_gen::init'
  	C:\Program Files\Microsoft Visual Studio\2022\Community\VC\Tools\MSVC\14.39.33519\include\vector(618,9):
  	see reference to function template instantiation 'void std::vector<move,std::allocator<move>>::_Construct_n<>(const unsigned __int64)' being compiled
  	C:\Program Files\Microsoft Visual Studio\2022\Community\VC\Tools\MSVC\14.39.33519\include\vector(2077,36):
  	see reference to function template instantiation 'move *std::_Uninitialized_value_construct_n<std::allocator<move>>(move *,unsigned __int64,_Alloc &)' being compiled
          with
          [
              _Alloc=std::allocator<move>
          ]
  	C:\Program Files\Microsoft Visual Studio\2022\Community\VC\Tools\MSVC\14.39.33519\include\xmemory(2045,17):
  	see reference to function template instantiation 'void std::_Uninitialized_backout_al<std::allocator<move>>::_Emplace_back<>(void)' being compiled
  	C:\Program Files\Microsoft Visual Studio\2022\Community\VC\Tools\MSVC\14.39.33519\include\xmemory(1805,35):
  	see reference to function template instantiation 'void std::_Default_allocator_traits<_Alloc>::construct<_Ty,>(_Alloc &,_Objty *const )' being compiled
          with
          [
              _Alloc=std::allocator<move>,
              _Ty=move,
              _Objty=move
          ]
  
